#Mon Aug 16 13:33:46 EET 2021 
1.46%, 257645.81, 140287.00, 117358.80
epgm.bin, 70529, 13.1%, 1887, 167, 200, 10, 509.97
#Mon Aug 16 13:34:17 EET 2021 
1.46%, 257645.81, 140287.62, 117357.64
epgm.bin, 70529, 9.7%, 1887, 167, 200, 10, 509.97
#Mon Aug 16 13:34:47 EET 2021 
1.46%, 257645.81, 140277.61, 117368.69
epgm.bin, 70529, 8.6%, 1887, 167, 200, 10, 509.97
#Mon Aug 16 13:35:18 EET 2021 
1.46%, 257645.81, 140284.45, 117361.34
epgm.bin, 70529, 8.0%, 1887, 167, 200, 10, 509.97
#Mon Aug 16 13:35:48 EET 2021 
1.46%, 257645.81, 140292.48, 117352.79
epgm.bin, 70529, 7.7%, 1887, 167, 200, 10, 509.97
#Mon Aug 16 13:36:18 EET 2021 
1.46%, 257645.81, 140284.57, 117360.68
epgm.bin, 70529, 7.4%, 1887, 167, 200, 10, 509.98
#Mon Aug 16 13:36:49 EET 2021 
1.46%, 257645.81, 140281.44, 117363.20
epgm.bin, 70529, 7.2%, 1887, 167, 200, 10, 509.98
#Mon Aug 16 13:37:19 EET 2021 
1.46%, 257645.81, 140285.34, 117359.93
epgm.bin, 70529, 7.1%, 1887, 167, 200, 10, 509.98
#Mon Aug 16 13:37:50 EET 2021 
1.46%, 257645.81, 140285.15, 117360.66
epgm.bin, 70529, 7.0%, 1887, 167, 200, 10, 509.98
#Mon Aug 16 13:38:20 EET 2021 
1.46%, 257645.81, 140296.46, 117349.32
epgm.bin, 70529, 6.9%, 1887, 167, 200, 10, 509.98
#Mon Aug 16 13:38:51 EET 2021 
1.46%, 257645.81, 140293.21, 117352.60
epgm.bin, 70529, 6.9%, 1887, 167, 200, 10, 509.98
#Mon Aug 16 13:39:21 EET 2021 
1.46%, 257645.81, 140291.81, 117354.00
epgm.bin, 70529, 6.8%, 1887, 167, 200, 10, 509.98
#Mon Aug 16 13:39:52 EET 2021 
1.46%, 257645.81, 140289.19, 117356.62
epgm.bin, 70529, 6.8%, 1887, 167, 200, 10, 509.98
#Mon Aug 16 13:40:22 EET 2021 
1.46%, 257645.81, 140291.00, 117354.31
epgm.bin, 70529, 6.7%, 1887, 167, 200, 10, 509.98
#Mon Aug 16 13:40:52 EET 2021 
1.46%, 257645.81, 140254.77, 117390.46
epgm.bin, 70529, 6.7%, 1887, 167, 200, 10, 509.99
#Mon Aug 16 13:41:23 EET 2021 
1.46%, 257645.81, 140270.77, 117374.54
epgm.bin, 70529, 6.7%, 1887, 167, 200, 10, 509.98
#Mon Aug 16 13:41:53 EET 2021 
1.46%, 257645.81, 140274.96, 117370.84
epgm.bin, 70529, 6.6%, 1887, 167, 200, 10, 509.98
#Mon Aug 16 13:42:24 EET 2021 
1.46%, 257645.81, 140278.50, 117366.10
epgm.bin, 70529, 6.6%, 1887, 167, 200, 10, 509.98
#Mon Aug 16 13:42:54 EET 2021 
1.46%, 257645.81, 140243.80, 117402.50
epgm.bin, 70529, 6.6%, 1887, 167, 200, 10, 509.98
#Mon Aug 16 13:43:25 EET 2021 
1.46%, 257645.81, 140253.57, 117393.22
epgm.bin, 70529, 6.6%, 1887, 167, 200, 10, 509.98
#Mon Aug 16 13:43:55 EET 2021 
1.46%, 257645.81, 140290.12, 117354.59
epgm.bin, 70529, 6.5%, 1887, 167, 200, 10, 510.00
#Mon Aug 16 13:44:26 EET 2021 
1.46%, 257645.81, 140263.13, 117382.68
epgm.bin, 70529, 6.5%, 1887, 167, 200, 10, 509.98
#Mon Aug 16 13:44:56 EET 2021 
1.46%, 257645.81, 140258.55, 117386.74
epgm.bin, 70529, 6.5%, 1887, 167, 200, 10, 509.98
#Mon Aug 16 13:45:26 EET 2021 
1.46%, 257645.81, 140271.37, 117373.86
epgm.bin, 70529, 6.5%, 1887, 167, 200, 10, 509.98
#Mon Aug 16 13:45:57 EET 2021 
1.46%, 257645.81, 140279.27, 117366.54
epgm.bin, 70529, 6.4%, 1887, 167, 200, 10, 509.98
#Mon Aug 16 13:46:27 EET 2021 
1.46%, 257645.81, 139873.19, 117772.04
epgm.bin, 70529, 6.4%, 1887, 167, 200, 10, 509.98
#Mon Aug 16 13:46:58 EET 2021 
1.46%, 257645.81, 139873.73, 117771.50
epgm.bin, 70529, 6.4%, 1887, 167, 200, 10, 509.98
#Mon Aug 16 13:47:28 EET 2021 
1.46%, 257645.81, 139863.47, 117782.34
epgm.bin, 70529, 6.3%, 1887, 167, 200, 10, 509.98
#Mon Aug 16 13:47:59 EET 2021 
1.46%, 257645.81, 139937.76, 117707.50
epgm.bin, 70529, 6.3%, 1887, 167, 200, 10, 509.98
#Mon Aug 16 13:48:29 EET 2021 
1.46%, 257645.81, 140201.64, 117444.17
epgm.bin, 70529, 6.3%, 1887, 167, 200, 10, 509.98
#Mon Aug 16 13:48:59 EET 2021 
1.46%, 257645.81, 140251.20, 117395.11
epgm.bin, 70529, 6.3%, 1887, 167, 200, 10, 509.98
#Mon Aug 16 13:49:30 EET 2021 
1.46%, 257645.81, 140395.82, 117249.56
epgm.bin, 70529, 6.3%, 1887, 167, 200, 10, 509.98
#Mon Aug 16 13:50:00 EET 2021 
1.46%, 257645.81, 140354.05, 117291.76
epgm.bin, 70529, 6.3%, 1887, 167, 200, 10, 509.98
#Mon Aug 16 13:50:31 EET 2021 
1.46%, 257645.81, 140390.97, 117254.23
epgm.bin, 70529, 6.3%, 1887, 167, 200, 10, 509.98
#Mon Aug 16 13:51:01 EET 2021 
1.46%, 257645.81, 140818.08, 116827.73
epgm.bin, 70529, 6.3%, 1887, 167, 200, 10, 510.01
#Mon Aug 16 13:51:32 EET 2021 
1.46%, 257645.81, 141524.76, 116121.05
epgm.bin, 70529, 6.3%, 1887, 167, 200, 10, 510.04
#Mon Aug 16 13:52:02 EET 2021 
1.46%, 257645.81, 141664.96, 115980.84
epgm.bin, 70529, 6.3%, 1887, 167, 200, 10, 510.17
#Mon Aug 16 13:52:33 EET 2021 
1.46%, 257645.81, 142426.45, 115218.83
epgm.bin, 70529, 6.3%, 1887, 167, 200, 10, 510.23
#Mon Aug 16 13:53:03 EET 2021 
1.46%, 257645.81, 146308.91, 111335.85
epgm.bin, 70529, 6.3%, 1887, 167, 200, 10, 510.23
#Mon Aug 16 13:53:34 EET 2021 
1.46%, 257645.81, 145819.08, 111825.52
epgm.bin, 70529, 6.3%, 1887, 167, 200, 10, 510.27
#Mon Aug 16 13:54:04 EET 2021 
1.46%, 257645.81, 148091.45, 109553.82
epgm.bin, 70529, 6.3%, 1887, 167, 200, 10, 510.33
#Mon Aug 16 13:54:35 EET 2021 
1.46%, 257645.81, 144034.37, 113611.44
epgm.bin, 70529, 6.3%, 1887, 167, 200, 10, 510.42
#Mon Aug 16 13:55:05 EET 2021 
1.46%, 257645.81, 144133.16, 113512.65
epgm.bin, 70529, 6.3%, 1887, 167, 200, 10, 510.38
#Mon Aug 16 13:55:35 EET 2021 
1.46%, 257645.81, 141286.28, 116359.53
epgm.bin, 70529, 6.3%, 1887, 167, 200, 10, 510.40
#Mon Aug 16 13:56:06 EET 2021 
1.46%, 257645.81, 141555.49, 116090.32
epgm.bin, 70529, 6.3%, 1887, 167, 200, 10, 510.43
#Mon Aug 16 13:56:36 EET 2021 
1.46%, 257645.81, 142051.14, 115594.10
epgm.bin, 70529, 6.3%, 1887, 167, 200, 10, 510.43
#Mon Aug 16 13:57:07 EET 2021 
1.46%, 257645.81, 142249.39, 115381.28
epgm.bin, 70529, 6.3%, 1887, 167, 200, 10, 510.47
#Mon Aug 16 13:57:37 EET 2021 
1.46%, 257645.81, 141096.95, 116548.86
epgm.bin, 70529, 6.3%, 1887, 167, 200, 10, 510.50
#Mon Aug 16 13:58:08 EET 2021 
1.46%, 257645.81, 140720.15, 116925.66
epgm.bin, 70529, 6.3%, 1887, 167, 200, 10, 510.59
#Mon Aug 16 13:58:38 EET 2021 
1.46%, 257645.81, 140725.57, 116920.24
epgm.bin, 70529, 6.3%, 1887, 167, 200, 10, 510.59
#Mon Aug 16 13:59:09 EET 2021 
1.46%, 257645.81, 140768.38, 116877.43
epgm.bin, 70529, 6.3%, 1887, 167, 200, 10, 510.59
#Mon Aug 16 13:59:39 EET 2021 
1.46%, 257645.81, 140728.24, 116917.57
epgm.bin, 70529, 6.3%, 1887, 167, 200, 10, 510.59
#Mon Aug 16 14:00:09 EET 2021 
1.46%, 257645.81, 140783.17, 116863.61
epgm.bin, 70529, 6.3%, 1887, 167, 200, 10, 510.84
#Mon Aug 16 14:00:40 EET 2021 
1.46%, 257645.81, 140719.68, 116925.54
epgm.bin, 70529, 6.3%, 1887, 167, 200, 10, 510.59
#Mon Aug 16 14:01:10 EET 2021 
1.46%, 257645.81, 140695.38, 116950.35
epgm.bin, 70529, 6.2%, 1887, 167, 200, 10, 510.59
#Mon Aug 16 14:01:41 EET 2021 
1.46%, 257645.81, 140711.43, 116934.38
epgm.bin, 70529, 6.2%, 1887, 167, 200, 10, 510.59
#Mon Aug 16 14:02:11 EET 2021 
1.46%, 257645.81, 140719.11, 116926.70
epgm.bin, 70529, 6.2%, 1887, 167, 200, 10, 510.64
#Mon Aug 16 14:02:41 EET 2021 
1.46%, 257645.81, 140614.66, 117031.15
epgm.bin, 70529, 6.2%, 1887, 167, 200, 9, 510.59
