#Tue Aug 17 13:38:51 EET 2021 
1.49%, 257645.81, 144807.32, 112837.97
epgm.bin, 55539, 16.2%, 2706, 211, 200, 22, 511.36
	bash <defunct>, 56266, 0.0%, 0, 0, 200, 1, 0.00
#Tue Aug 17 13:39:21 EET 2021 
1.49%, 257645.81, 144866.30, 112779.50
epgm.bin, 55539, 18.1%, 3426, 259, 200, 32, 511.37
	bash <defunct>, 56266, 0.0%, 0, 0, 200, 1, 0.00
#Tue Aug 17 13:39:52 EET 2021 
1.49%, 257645.81, 144851.95, 112792.78
epgm.bin, 55539, 22.8%, 3394, 263, 200, 21, 511.37
	bash <defunct>, 56266, 0.0%, 0, 0, 200, 1, 0.00
#Tue Aug 17 13:40:23 EET 2021 
1.49%, 257645.81, 144824.46, 112821.34
epgm.bin, 55539, 18.9%, 3301, 248, 200, 11, 511.37
	bash <defunct>, 56266, 0.0%, 0, 0, 200, 1, 0.00
#Tue Aug 17 13:40:53 EET 2021 
1.49%, 257645.81, 144838.77, 112807.04
epgm.bin, 55539, 16.5%, 3301, 248, 200, 11, 511.37
	bash <defunct>, 56266, 0.0%, 0, 0, 200, 1, 3235.21
#Tue Aug 17 13:41:24 EET 2021 
1.49%, 257645.81, 143153.71, 114492.10
epgm.bin, 55539, 14.8%, 3301, 248, 200, 11, 511.37
	bash <defunct>, 56266, 0.0%, 0, 0, 200, 1, 415.96
#Tue Aug 17 13:41:55 EET 2021 
1.49%, 257645.81, 143152.26, 114493.55
epgm.bin, 55539, 13.6%, 3301, 248, 200, 11, 511.38
	bash <defunct>, 56266, 0.0%, 0, 0, 200, 1, 17.95
#Tue Aug 17 13:42:25 EET 2021 
1.49%, 257645.81, 143154.16, 114491.64
epgm.bin, 55539, 12.6%, 3301, 248, 200, 11, 511.38
	bash <defunct>, 56266, 0.0%, 0, 0, 200, 1, 17.95
#Tue Aug 17 13:42:56 EET 2021 
1.49%, 257645.81, 143152.59, 114493.22
epgm.bin, 55539, 11.9%, 3301, 248, 200, 11, 511.38
	bash <defunct>, 56266, 0.0%, 0, 0, 200, 1, 17.95
#Tue Aug 17 13:43:27 EET 2021 
1.49%, 257645.81, 143133.98, 114511.83
epgm.bin, 55539, 11.3%, 3301, 248, 200, 11, 511.38
	bash <defunct>, 56266, 0.0%, 0, 0, 200, 1, 17.95
#Tue Aug 17 13:43:57 EET 2021 
1.49%, 257645.81, 143132.83, 114512.45
epgm.bin, 55539, 10.8%, 3301, 248, 200, 11, 511.39
	bash <defunct>, 56266, 0.0%, 0, 0, 200, 1, 17.95
#Tue Aug 17 13:44:28 EET 2021 
1.49%, 257645.81, 143138.50, 114507.31
epgm.bin, 55539, 10.4%, 3301, 248, 200, 11, 511.39
	bash <defunct>, 56266, 0.0%, 0, 0, 200, 1, 17.95
#Tue Aug 17 13:44:58 EET 2021 
1.49%, 257645.81, 143142.82, 114502.46
epgm.bin, 55539, 10.0%, 3301, 248, 200, 11, 511.54
	bash <defunct>, 56266, 0.0%, 0, 0, 200, 1, 17.95
#Tue Aug 17 13:45:29 EET 2021 
1.49%, 257645.81, 143124.73, 114521.08
epgm.bin, 55539, 9.8%, 3301, 248, 200, 11, 511.55
	bash <defunct>, 56266, 0.0%, 0, 0, 200, 1, 17.95
#Tue Aug 17 13:45:59 EET 2021 
1.49%, 257645.81, 143125.07, 114520.74
epgm.bin, 55539, 9.5%, 3301, 248, 200, 11, 511.55
	bash <defunct>, 56266, 0.0%, 0, 0, 200, 1, 17.95
#Tue Aug 17 13:46:30 EET 2021 
1.49%, 257645.81, 143136.76, 114509.05
epgm.bin, 55539, 9.3%, 3301, 248, 200, 11, 511.33
	bash <defunct>, 56266, 0.0%, 0, 0, 200, 1, 17.95
#Tue Aug 17 13:47:00 EET 2021 
1.49%, 257645.81, 143143.53, 114502.28
epgm.bin, 55539, 9.1%, 3301, 248, 200, 11, 511.56
	bash <defunct>, 56266, 0.0%, 0, 0, 200, 1, 17.95
#Tue Aug 17 13:47:31 EET 2021 
1.49%, 257645.81, 143119.88, 114525.93
epgm.bin, 55539, 8.9%, 3301, 248, 200, 11, 511.56
	bash <defunct>, 56266, 0.0%, 0, 0, 200, 1, 17.95
#Tue Aug 17 13:48:01 EET 2021 
1.49%, 257645.81, 143133.98, 114511.28
epgm.bin, 55539, 8.7%, 3301, 248, 200, 11, 511.56
	bash <defunct>, 56266, 0.0%, 0, 0, 200, 1, 17.95
#Tue Aug 17 13:48:32 EET 2021 
1.49%, 257645.81, 143140.77, 114505.16
epgm.bin, 55539, 8.6%, 3301, 248, 200, 11, 511.56
	bash <defunct>, 56266, 0.0%, 0, 0, 200, 1, 17.95
#Tue Aug 17 13:49:03 EET 2021 
1.49%, 257645.81, 143155.30, 114490.50
epgm.bin, 55539, 8.5%, 3301, 248, 200, 11, 511.57
	bash <defunct>, 56266, 0.0%, 0, 0, 200, 1, 17.95
#Tue Aug 17 13:49:33 EET 2021 
1.49%, 257645.81, 143161.40, 114484.37
epgm.bin, 55539, 8.3%, 3301, 248, 200, 11, 511.57
	bash <defunct>, 56266, 0.0%, 0, 0, 200, 1, 17.95
#Tue Aug 17 13:50:04 EET 2021 
1.49%, 257645.81, 143134.70, 114510.58
epgm.bin, 55539, 8.2%, 3301, 248, 200, 11, 511.56
	bash <defunct>, 56266, 0.0%, 0, 0, 200, 1, 17.95
#Tue Aug 17 13:50:34 EET 2021 
1.49%, 257645.81, 143166.06, 114479.25
epgm.bin, 55539, 8.1%, 3301, 248, 200, 11, 511.56
	bash <defunct>, 56266, 0.0%, 0, 0, 200, 1, 17.95
#Tue Aug 17 13:51:05 EET 2021 
1.49%, 257645.81, 143165.58, 114480.17
epgm.bin, 55539, 8.0%, 3301, 248, 200, 11, 511.57
	bash <defunct>, 56266, 0.0%, 0, 0, 200, 1, 17.95
#Tue Aug 17 13:51:36 EET 2021 
1.49%, 257645.81, 143397.87, 114247.41
epgm.bin, 55539, 8.0%, 3301, 248, 200, 11, 511.57
	bash <defunct>, 56266, 0.0%, 0, 0, 200, 1, 17.95
#Tue Aug 17 13:52:06 EET 2021 
1.49%, 257645.81, 144516.21, 113127.86
epgm.bin, 55539, 7.9%, 3301, 248, 200, 11, 511.69
	bash <defunct>, 56266, 0.0%, 0, 0, 200, 1, 17.95
#Tue Aug 17 13:52:37 EET 2021 
1.49%, 257645.81, 144763.87, 112881.41
epgm.bin, 55539, 7.8%, 3301, 248, 200, 11, 511.69
	bash <defunct>, 56266, 0.0%, 0, 0, 200, 1, 17.95
