#Mon Aug 16 13:33:46 EET 2021 
1.46%, 257645.81, 140287.39, 117358.87
vsimk, 70959, 89.4%, 998, 94, 200, 4, 509.97
	mgls_asynch, 71034, 0.0%, 27, 6, 200, 1, 509.97
#Mon Aug 16 13:34:17 EET 2021 
1.46%, 257645.81, 140295.75, 117349.40
vsimk, 70959, 96.3%, 998, 94, 200, 4, 509.97
	mgls_asynch, 71034, 0.0%, 27, 6, 200, 1, 509.97
#Mon Aug 16 13:34:47 EET 2021 
1.46%, 257645.81, 140279.57, 117366.16
vsimk, 70959, 97.9%, 998, 94, 200, 4, 509.97
	mgls_asynch, 71034, 0.0%, 27, 6, 200, 1, 509.97
#Mon Aug 16 13:35:18 EET 2021 
1.46%, 257645.81, 140283.64, 117361.64
vsimk, 70959, 98.5%, 998, 94, 200, 4, 509.97
	mgls_asynch, 71034, 0.0%, 27, 6, 200, 1, 509.97
#Mon Aug 16 13:35:48 EET 2021 
1.46%, 257645.81, 140291.20, 117354.55
vsimk, 70959, 98.9%, 998, 94, 200, 4, 509.97
	mgls_asynch, 71034, 0.0%, 27, 6, 200, 1, 509.97
#Mon Aug 16 13:36:19 EET 2021 
1.46%, 257645.81, 140286.37, 117358.84
vsimk, 70959, 99.1%, 998, 94, 200, 4, 509.98
	mgls_asynch, 71034, 0.0%, 27, 6, 200, 1, 509.98
#Mon Aug 16 13:36:49 EET 2021 
1.46%, 257645.81, 140285.38, 117360.93
vsimk, 70959, 99.3%, 998, 94, 200, 4, 509.98
	mgls_asynch, 71034, 0.0%, 27, 6, 200, 1, 509.98
#Mon Aug 16 13:37:20 EET 2021 
1.46%, 257645.81, 140287.29, 117357.91
vsimk, 70959, 99.4%, 998, 94, 200, 4, 509.98
	mgls_asynch, 71034, 0.0%, 27, 6, 200, 1, 509.98
#Mon Aug 16 13:37:50 EET 2021 
1.46%, 257645.81, 140287.74, 117358.07
vsimk, 70959, 99.5%, 998, 94, 200, 4, 509.98
	mgls_asynch, 71034, 0.0%, 27, 6, 200, 1, 509.98
#Mon Aug 16 13:38:20 EET 2021 
1.46%, 257645.81, 140298.39, 117347.40
vsimk, 70959, 99.6%, 998, 94, 200, 4, 509.98
	mgls_asynch, 71034, 0.0%, 27, 6, 200, 1, 509.98
#Mon Aug 16 13:38:51 EET 2021 
1.46%, 257645.81, 140294.03, 117351.78
vsimk, 70959, 99.6%, 998, 94, 200, 4, 509.98
	mgls_asynch, 71034, 0.0%, 27, 6, 200, 1, 509.98
#Mon Aug 16 13:39:21 EET 2021 
1.46%, 257645.81, 140293.54, 117352.27
vsimk, 70959, 99.7%, 998, 94, 200, 4, 509.98
	mgls_asynch, 71034, 0.0%, 27, 6, 200, 1, 509.98
#Mon Aug 16 13:39:52 EET 2021 
1.46%, 257645.81, 140291.07, 117354.17
vsimk, 70959, 99.7%, 998, 94, 200, 4, 509.98
	mgls_asynch, 71034, 0.0%, 27, 6, 200, 1, 509.98
#Mon Aug 16 13:40:22 EET 2021 
1.46%, 257645.81, 140295.09, 117350.18
vsimk, 70959, 99.8%, 998, 94, 200, 4, 509.98
	mgls_asynch, 71034, 0.0%, 27, 6, 200, 1, 509.98
#Mon Aug 16 13:40:53 EET 2021 
1.46%, 257645.81, 140256.80, 117388.92
vsimk, 70959, 99.8%, 998, 94, 200, 4, 509.98
	mgls_asynch, 71034, 0.0%, 27, 6, 200, 1, 509.98
#Mon Aug 16 13:41:23 EET 2021 
1.46%, 257645.81, 140272.04, 117373.18
vsimk, 70959, 99.8%, 998, 94, 200, 4, 509.98
	mgls_asynch, 71034, 0.0%, 27, 6, 200, 1, 509.98
#Mon Aug 16 13:41:54 EET 2021 
1.46%, 257645.81, 140275.29, 117369.39
vsimk, 70959, 99.8%, 998, 94, 200, 4, 509.98
	mgls_asynch, 71034, 0.0%, 27, 6, 200, 1, 509.98
#Mon Aug 16 13:42:24 EET 2021 
1.46%, 257645.81, 140279.37, 117365.30
vsimk, 70959, 99.9%, 998, 94, 200, 4, 509.98
	mgls_asynch, 71034, 0.0%, 27, 6, 200, 1, 509.98
#Mon Aug 16 13:42:54 EET 2021 
1.46%, 257645.81, 140245.81, 117400.49
vsimk, 70959, 99.9%, 998, 94, 200, 4, 509.98
	mgls_asynch, 71034, 0.0%, 27, 6, 200, 1, 509.98
#Mon Aug 16 13:43:25 EET 2021 
1.46%, 257645.81, 140254.93, 117390.88
vsimk, 70959, 99.9%, 998, 94, 200, 4, 509.98
	mgls_asynch, 71034, 0.0%, 27, 6, 200, 1, 509.98
#Mon Aug 16 13:43:55 EET 2021 
1.46%, 257645.81, 140294.14, 117352.16
vsimk, 70959, 99.9%, 998, 94, 200, 4, 510.00
	mgls_asynch, 71034, 0.0%, 27, 6, 200, 1, 510.00
#Mon Aug 16 13:44:26 EET 2021 
1.46%, 257645.81, 140263.54, 117382.25
vsimk, 70959, 99.9%, 998, 94, 200, 4, 509.98
	mgls_asynch, 71034, 0.0%, 27, 6, 200, 1, 509.98
#Mon Aug 16 13:44:56 EET 2021 
1.46%, 257645.81, 140261.17, 117383.56
vsimk, 70959, 99.9%, 998, 94, 200, 4, 509.98
	mgls_asynch, 71034, 0.0%, 27, 6, 200, 1, 509.98
#Mon Aug 16 13:45:27 EET 2021 
1.46%, 257645.81, 140273.20, 117373.60
vsimk, 70959, 100%, 998, 94, 200, 4, 509.98
	mgls_asynch, 71034, 0.0%, 27, 6, 200, 1, 509.98
#Mon Aug 16 13:45:57 EET 2021 
1.46%, 257645.81, 140280.42, 117365.34
vsimk, 70959, 100%, 998, 94, 200, 4, 509.98
	mgls_asynch, 71034, 0.0%, 27, 6, 200, 1, 509.98
#Mon Aug 16 13:46:28 EET 2021 
1.46%, 257645.81, 139875.05, 117770.24
vsimk, 70959, 100%, 998, 94, 200, 4, 509.98
	mgls_asynch, 71034, 0.0%, 27, 6, 200, 1, 509.98
#Mon Aug 16 13:46:58 EET 2021 
1.46%, 257645.81, 139875.07, 117770.13
vsimk, 70959, 100%, 998, 94, 200, 4, 509.98
	mgls_asynch, 71034, 0.0%, 27, 6, 200, 1, 509.98
#Mon Aug 16 13:47:28 EET 2021 
1.46%, 257645.81, 139865.33, 117781.38
vsimk, 70959, 100%, 998, 94, 200, 4, 509.98
	mgls_asynch, 71034, 0.0%, 27, 6, 200, 1, 509.98
#Mon Aug 16 13:47:59 EET 2021 
1.46%, 257645.81, 139945.32, 117700.98
vsimk, 70959, 100%, 998, 94, 200, 4, 509.98
	mgls_asynch, 71034, 0.0%, 27, 6, 200, 1, 509.98
#Mon Aug 16 13:48:29 EET 2021 
1.46%, 257645.81, 140201.78, 117444.52
vsimk, 70959, 100%, 998, 94, 200, 4, 509.98
	mgls_asynch, 71034, 0.0%, 27, 6, 200, 1, 509.98
#Mon Aug 16 13:49:00 EET 2021 
1.46%, 257645.81, 140251.91, 117393.39
vsimk, 70959, 100%, 998, 94, 200, 4, 509.98
	mgls_asynch, 71034, 0.0%, 27, 6, 200, 1, 509.98
#Mon Aug 16 13:49:30 EET 2021 
1.46%, 257645.81, 140398.94, 117246.02
vsimk, 70959, 100%, 998, 94, 200, 4, 509.98
	mgls_asynch, 71034, 0.0%, 27, 6, 200, 1, 509.98
#Mon Aug 16 13:50:00 EET 2021 
1.46%, 257645.81, 140356.39, 117289.42
vsimk, 70959, 100%, 998, 94, 200, 4, 509.98
	mgls_asynch, 71034, 0.0%, 27, 6, 200, 1, 509.98
#Mon Aug 16 13:50:31 EET 2021 
1.46%, 257645.81, 140392.83, 117252.48
vsimk, 70959, 100%, 998, 94, 200, 4, 509.98
	mgls_asynch, 71034, 0.0%, 27, 6, 200, 1, 509.98
#Mon Aug 16 13:51:01 EET 2021 
1.46%, 257645.81, 140824.26, 116815.27
vsimk, 70959, 100%, 998, 94, 200, 4, 510.01
	mgls_asynch, 71034, 0.0%, 27, 6, 200, 1, 510.01
#Mon Aug 16 13:51:32 EET 2021 
1.46%, 257645.81, 141557.99, 116087.24
vsimk, 70959, 100%, 998, 94, 200, 4, 510.04
	mgls_asynch, 71034, 0.0%, 27, 6, 200, 1, 510.04
#Mon Aug 16 13:52:02 EET 2021 
1.46%, 257645.81, 141665.10, 115981.64
vsimk, 70959, 100%, 998, 94, 200, 4, 510.17
	mgls_asynch, 71034, 0.0%, 27, 6, 200, 1, 510.17
#Mon Aug 16 13:52:33 EET 2021 
1.46%, 257645.81, 142459.19, 115185.41
vsimk, 70959, 100%, 998, 94, 200, 4, 510.23
	mgls_asynch, 71034, 0.0%, 27, 6, 200, 1, 510.23
#Mon Aug 16 13:53:03 EET 2021 
1.46%, 257645.81, 146309.86, 111335.95
vsimk, 70959, 100%, 998, 94, 200, 4, 510.23
	mgls_asynch, 71034, 0.0%, 27, 6, 200, 1, 510.23
#Mon Aug 16 13:53:34 EET 2021 
1.46%, 257645.81, 145855.23, 111790.99
vsimk, 70959, 100%, 998, 94, 200, 4, 510.27
	mgls_asynch, 71034, 0.0%, 27, 6, 200, 1, 510.27
#Mon Aug 16 13:54:04 EET 2021 
1.46%, 257645.81, 148091.00, 109554.77
vsimk, 70959, 100%, 998, 94, 200, 4, 510.33
	mgls_asynch, 71034, 0.0%, 27, 6, 200, 1, 510.33
#Mon Aug 16 13:54:35 EET 2021 
1.46%, 257645.81, 144051.91, 113593.90
vsimk, 70959, 100%, 998, 94, 200, 4, 510.38
	mgls_asynch, 71034, 0.0%, 27, 6, 200, 1, 510.36
#Mon Aug 16 13:55:05 EET 2021 
1.46%, 257645.81, 144135.93, 113509.38
vsimk, 70959, 100%, 998, 94, 200, 4, 510.38
	mgls_asynch, 71034, 0.0%, 27, 6, 200, 1, 510.38
#Mon Aug 16 13:55:36 EET 2021 
1.46%, 257645.81, 141302.38, 116343.92
vsimk, 70959, 100%, 998, 94, 200, 4, 510.40
	mgls_asynch, 71034, 0.0%, 27, 6, 200, 1, 510.40
#Mon Aug 16 13:56:06 EET 2021 
1.46%, 257645.81, 141570.38, 116076.41
vsimk, 70959, 100%, 998, 94, 200, 4, 510.43
	mgls_asynch, 71034, 0.0%, 27, 6, 200, 1, 510.43
#Mon Aug 16 13:56:37 EET 2021 
1.46%, 257645.81, 142084.21, 115561.02
vsimk, 70959, 100%, 998, 94, 200, 4, 510.43
	mgls_asynch, 71034, 0.0%, 27, 6, 200, 1, 510.43
#Mon Aug 16 13:57:07 EET 2021 
1.46%, 257645.81, 142281.51, 115364.79
vsimk, 70959, 100%, 998, 94, 200, 4, 510.47
	mgls_asynch, 71034, 0.0%, 27, 6, 200, 1, 510.47
#Mon Aug 16 13:57:37 EET 2021 
1.46%, 257645.81, 141104.57, 116540.05
vsimk, 70959, 100%, 998, 94, 200, 4, 510.50
	mgls_asynch, 71034, 0.0%, 27, 6, 200, 1, 510.50
#Mon Aug 16 13:58:08 EET 2021 
1.46%, 257645.81, 140723.66, 116921.64
vsimk, 70959, 100%, 998, 94, 200, 4, 510.59
	mgls_asynch, 71034, 0.0%, 27, 6, 200, 1, 510.59
#Mon Aug 16 13:58:38 EET 2021 
1.46%, 257645.81, 140726.75, 116918.52
vsimk, 70959, 100%, 998, 94, 200, 4, 510.59
	mgls_asynch, 71034, 0.0%, 27, 6, 200, 1, 510.59
#Mon Aug 16 13:59:09 EET 2021 
1.46%, 257645.81, 140768.26, 116877.53
vsimk, 70959, 100%, 998, 94, 200, 4, 510.59
	mgls_asynch, 71034, 0.0%, 27, 6, 200, 1, 510.59
#Mon Aug 16 13:59:39 EET 2021 
1.46%, 257645.81, 140731.09, 116914.16
vsimk, 70959, 100%, 998, 94, 200, 4, 510.59
	mgls_asynch, 71034, 0.0%, 27, 6, 200, 1, 510.59
#Mon Aug 16 14:00:09 EET 2021 
1.46%, 257645.81, 140791.27, 116852.89
vsimk, 70959, 100%, 998, 94, 200, 4, 510.85
	mgls_asynch, 71034, 0.0%, 27, 6, 200, 1, 510.86
#Mon Aug 16 14:00:40 EET 2021 
1.46%, 257645.81, 140721.45, 116924.36
vsimk, 70959, 100%, 998, 94, 200, 4, 510.59
	mgls_asynch, 71034, 0.0%, 27, 6, 200, 1, 510.59
#Mon Aug 16 14:01:10 EET 2021 
1.46%, 257645.81, 140702.88, 116942.87
vsimk, 70959, 100%, 998, 94, 200, 4, 510.59
	mgls_asynch, 71034, 0.0%, 27, 6, 200, 1, 510.59
#Mon Aug 16 14:01:41 EET 2021 
1.46%, 257645.81, 140713.62, 116931.61
vsimk, 70959, 100%, 998, 94, 200, 4, 510.59
	mgls_asynch, 71034, 0.0%, 27, 6, 200, 1, 510.59
#Mon Aug 16 14:02:11 EET 2021 
1.46%, 257645.81, 140718.64, 116928.11
vsimk, 70959, 100%, 998, 94, 200, 4, 510.65
	mgls_asynch, 71034, 0.0%, 27, 6, 200, 1, 510.66
